[debug] [2018-06-11T16:13:30.447Z] ----------------------------------------------------------------------
[debug] [2018-06-11T16:13:30.449Z] Command:       /usr/local/bin/node /usr/local/bin/firebase deploy
[debug] [2018-06-11T16:13:30.449Z] CLI Version:   3.18.6
[debug] [2018-06-11T16:13:30.449Z] Platform:      darwin
[debug] [2018-06-11T16:13:30.449Z] Node Version:  v10.0.0
[debug] [2018-06-11T16:13:30.450Z] Time:          Mon Jun 11 2018 18:13:30 GMT+0200 (CEST)
[debug] [2018-06-11T16:13:30.450Z] ----------------------------------------------------------------------
[debug] 
[debug] [2018-06-11T16:13:30.464Z] > command requires scopes: ["email","openid","https://www.googleapis.com/auth/cloudplatformprojects.readonly","https://www.googleapis.com/auth/firebase","https://www.googleapis.com/auth/cloud-platform"]
[debug] [2018-06-11T16:13:30.464Z] > authorizing via signed-in user
[debug] [2018-06-11T16:13:30.465Z] > refreshing access token with scopes: ["email","https://www.googleapis.com/auth/cloud-platform","https://www.googleapis.com/auth/cloudplatformprojects.readonly","https://www.googleapis.com/auth/firebase","openid"]
[debug] [2018-06-11T16:13:30.466Z] >>> HTTP REQUEST POST https://www.googleapis.com/oauth2/v3/token  
 { refresh_token: '1/8_3zNr9bHPRBad9_KSNGRDb-5jTs0WRyWNJlU5se_I0cyHF2OB7XiXxothnmPwXc',
  client_id: '563584335869-fgrhgmd47bqnekij5i8b5pr03ho849e6.apps.googleusercontent.com',
  client_secret: 'j9iVZfS8kkCEFUPaAeJV0sAi',
  grant_type: 'refresh_token',
  scope: 'email https://www.googleapis.com/auth/cloud-platform https://www.googleapis.com/auth/cloudplatformprojects.readonly https://www.googleapis.com/auth/firebase openid' } 
 Mon Jun 11 2018 18:13:30 GMT+0200 (CEST)
[debug] [2018-06-11T16:13:30.578Z] <<< HTTP RESPONSE 200
[debug] [2018-06-11T16:13:30.590Z] >>> HTTP REQUEST GET https://admin.firebase.com/v1/projects/lensit-60c99  
  
 Mon Jun 11 2018 18:13:30 GMT+0200 (CEST)
[debug] [2018-06-11T16:13:31.499Z] <<< HTTP RESPONSE 200
[debug] [2018-06-11T16:13:31.500Z] >>> HTTP REQUEST GET https://admin.firebase.com/v1/database/lensit-60c99/tokens  
  
 Mon Jun 11 2018 18:13:31 GMT+0200 (CEST)
[debug] [2018-06-11T16:13:32.420Z] <<< HTTP RESPONSE 200
